2018-09-02 00:26:51 [127.0.0.1][-][cuvsc81comsmt7anefggksc32hfobdj4][error][yii\base\ViewNotFoundException] yii\base\ViewNotFoundException: The view file does not exist: H:\newos\OSPanel\domains\yii2.ru\frontend\web\views\site\index.php in H:\newos\OSPanel\domains\yii2.ru\vendor\yiisoft\yii2\base\View.php:233
Stack trace:
#0 H:\newos\OSPanel\domains\yii2.ru\vendor\yiisoft\yii2\base\View.php(156): yii\base\View->renderFile('H:\\newos\\OSPane...', Array, Object(frontend\controllers\SiteController))
#1 H:\newos\OSPanel\domains\yii2.ru\vendor\yiisoft\yii2\base\Controller.php(384): yii\base\View->render('index', Array, Object(frontend\controllers\SiteController))
#2 H:\newos\OSPanel\domains\yii2.ru\frontend\controllers\SiteController.php(75): yii\base\Controller->render('index')
#3 [internal function]: frontend\controllers\SiteController->actionIndex()
#4 H:\newos\OSPanel\domains\yii2.ru\vendor\yiisoft\yii2\base\InlineAction.php(57): call_user_func_array(Array, Array)
#5 H:\newos\OSPanel\domains\yii2.ru\vendor\yiisoft\yii2\base\Controller.php(157): yii\base\InlineAction->runWithParams(Array)
#6 H:\newos\OSPanel\domains\yii2.ru\vendor\yiisoft\yii2\base\Module.php(528): yii\base\Controller->runAction('', Array)
#7 H:\newos\OSPanel\domains\yii2.ru\vendor\yiisoft\yii2\web\Application.php(103): yii\base\Module->runAction('', Array)
#8 H:\newos\OSPanel\domains\yii2.ru\vendor\yiisoft\yii2\base\Application.php(386): yii\web\Application->handleRequest(Object(yii\web\Request))
#9 H:\newos\OSPanel\domains\yii2.ru\frontend\web\index.php(17): yii\base\Application->run()
#10 {main}
2018-09-02 00:26:51 [127.0.0.1][-][cuvsc81comsmt7anefggksc32hfobdj4][info][application] $_GET = []

$_POST = []

$_FILES = []

$_COOKIE = [
    'advanced-frontend' => 'cuvsc81comsmt7anefggksc32hfobdj4'
    '_csrf-frontend' => 'dd01092b7b657790708459e8d4fbcc27ec1eb7a5808ab7dbe265b7e3f93ec6aea:2:{i:0;s:14:\"_csrf-frontend\";i:1;s:32:\"98zHAMCShR6lmN6e__wR6WVnId0Hi3sT\";}'
]

$_SESSION = [
    '__flash' => []
    '__captcha/site/captcha' => 'xtbizj'
    '__captcha/site/captchacount' => 1
]

$_SERVER = [
    'HTTP_HOST' => 'yii2.ru'
    'HTTP_USER_AGENT' => 'Mozilla/5.0 (Windows NT 10.0; Win64; x64; rv:61.0) Gecko/20100101 Firefox/61.0'
    'HTTP_ACCEPT' => 'text/html,application/xhtml+xml,application/xml;q=0.9,*/*;q=0.8'
    'HTTP_ACCEPT_LANGUAGE' => 'ru-RU,ru;q=0.8,en-US;q=0.5,en;q=0.3'
    'HTTP_ACCEPT_ENCODING' => 'gzip, deflate'
    'HTTP_REFERER' => 'http://yii2.ru/frontend/'
    'HTTP_COOKIE' => 'advanced-frontend=cuvsc81comsmt7anefggksc32hfobdj4; _csrf-frontend=dd01092b7b657790708459e8d4fbcc27ec1eb7a5808ab7dbe265b7e3f93ec6aea%3A2%3A%7Bi%3A0%3Bs%3A14%3A%22_csrf-frontend%22%3Bi%3A1%3Bs%3A32%3A%2298zHAMCShR6lmN6e__wR6WVnId0Hi3sT%22%3B%7D'
    'HTTP_CONNECTION' => 'keep-alive'
    'HTTP_UPGRADE_INSECURE_REQUESTS' => '1'
    'HTTP_CACHE_CONTROL' => 'max-age=0'
    'PATH' => 'h:\\newos\\ospanel\\modules\\php\\PHP-7.2-x64\\ext;h:\\newos\\ospanel\\modules\\php\\PHP-7.2-x64\\pear;h:\\newos\\ospanel\\modules\\php\\PHP-7.2-x64\\pear\\bin;h:\\newos\\ospanel\\modules\\php\\PHP-7.2-x64;h:\\newos\\ospanel\\modules\\imagemagick;h:\\newos\\ospanel\\modules\\wget\\bin;h:\\newos\\ospanel\\modules\\git;h:\\newos\\ospanel\\modules\\git\\bin;h:\\newos\\ospanel\\modules\\git\\mingw\\bin;h:\\newos\\ospanel\\modules\\git\\cmd;h:\\newos\\ospanel\\modules\\database\\MySQL-5.7-x64\\bin;h:\\newos\\ospanel\\modules\\http\\Apache-PHP-7.2-x64\\bin;h:\\newos\\ospanel\\modules\\http\\Apache-PHP-7.2-x64;C:\\WINDOWS\\system32;C:\\WINDOWS;C:\\WINDOWS\\system32\\Wbem;C:\\WINDOWS\\SysWOW64'
    'SystemRoot' => 'C:\\WINDOWS'
    'COMSPEC' => 'C:\\WINDOWS\\system32\\cmd.exe'
    'PATHEXT' => '.COM;.EXE;.BAT;.CMD;.VBS;.VBE;.JS;.JSE;.WSF;.WSH;.MSC'
    'WINDIR' => 'C:\\WINDOWS'
    'SERVER_SIGNATURE' => ''
    'SERVER_SOFTWARE' => 'Apache'
    'SERVER_NAME' => 'yii2.ru'
    'SERVER_ADDR' => '127.0.0.1'
    'SERVER_PORT' => '80'
    'REMOTE_ADDR' => '127.0.0.1'
    'DOCUMENT_ROOT' => 'H:/newos/OSPanel/domains/yii2.ru'
    'REQUEST_SCHEME' => 'http'
    'CONTEXT_PREFIX' => ''
    'CONTEXT_DOCUMENT_ROOT' => 'H:/newos/OSPanel/domains/yii2.ru'
    'SERVER_ADMIN' => '[no address given]'
    'SCRIPT_FILENAME' => 'H:/newos/OSPanel/domains/yii2.ru/frontend/web/index.php'
    'REMOTE_PORT' => '16536'
    'GATEWAY_INTERFACE' => 'CGI/1.1'
    'SERVER_PROTOCOL' => 'HTTP/1.1'
    'REQUEST_METHOD' => 'GET'
    'QUERY_STRING' => ''
    'REQUEST_URI' => '/frontend/web/'
    'SCRIPT_NAME' => '/frontend/web/index.php'
    'PHP_SELF' => '/frontend/web/index.php'
    'REQUEST_TIME_FLOAT' => 1535837211.462
    'REQUEST_TIME' => 1535837211
    'argv' => []
    'argc' => 0
]
2018-09-02 00:26:57 [127.0.0.1][-][cuvsc81comsmt7anefggksc32hfobdj4][error][yii\base\ViewNotFoundException] yii\base\ViewNotFoundException: The view file does not exist: H:\newos\OSPanel\domains\yii2.ru\frontend\web\views\site\index.php in H:\newos\OSPanel\domains\yii2.ru\vendor\yiisoft\yii2\base\View.php:233
Stack trace:
#0 H:\newos\OSPanel\domains\yii2.ru\vendor\yiisoft\yii2\base\View.php(156): yii\base\View->renderFile('H:\\newos\\OSPane...', Array, Object(frontend\controllers\SiteController))
#1 H:\newos\OSPanel\domains\yii2.ru\vendor\yiisoft\yii2\base\Controller.php(384): yii\base\View->render('index', Array, Object(frontend\controllers\SiteController))
#2 H:\newos\OSPanel\domains\yii2.ru\frontend\controllers\SiteController.php(75): yii\base\Controller->render('index')
#3 [internal function]: frontend\controllers\SiteController->actionIndex()
#4 H:\newos\OSPanel\domains\yii2.ru\vendor\yiisoft\yii2\base\InlineAction.php(57): call_user_func_array(Array, Array)
#5 H:\newos\OSPanel\domains\yii2.ru\vendor\yiisoft\yii2\base\Controller.php(157): yii\base\InlineAction->runWithParams(Array)
#6 H:\newos\OSPanel\domains\yii2.ru\vendor\yiisoft\yii2\base\Module.php(528): yii\base\Controller->runAction('', Array)
#7 H:\newos\OSPanel\domains\yii2.ru\vendor\yiisoft\yii2\web\Application.php(103): yii\base\Module->runAction('', Array)
#8 H:\newos\OSPanel\domains\yii2.ru\vendor\yiisoft\yii2\base\Application.php(386): yii\web\Application->handleRequest(Object(yii\web\Request))
#9 H:\newos\OSPanel\domains\yii2.ru\frontend\web\index.php(17): yii\base\Application->run()
#10 {main}
2018-09-02 00:26:57 [127.0.0.1][-][cuvsc81comsmt7anefggksc32hfobdj4][info][application] $_GET = []

$_POST = []

$_FILES = []

$_COOKIE = [
    'advanced-frontend' => 'cuvsc81comsmt7anefggksc32hfobdj4'
    '_csrf-frontend' => 'dd01092b7b657790708459e8d4fbcc27ec1eb7a5808ab7dbe265b7e3f93ec6aea:2:{i:0;s:14:\"_csrf-frontend\";i:1;s:32:\"98zHAMCShR6lmN6e__wR6WVnId0Hi3sT\";}'
]

$_SESSION = [
    '__flash' => []
    '__captcha/site/captcha' => 'xtbizj'
    '__captcha/site/captchacount' => 1
]

$_SERVER = [
    'HTTP_HOST' => 'yii2.ru'
    'HTTP_USER_AGENT' => 'Mozilla/5.0 (Windows NT 10.0; Win64; x64; rv:61.0) Gecko/20100101 Firefox/61.0'
    'HTTP_ACCEPT' => 'text/html,application/xhtml+xml,application/xml;q=0.9,*/*;q=0.8'
    'HTTP_ACCEPT_LANGUAGE' => 'ru-RU,ru;q=0.8,en-US;q=0.5,en;q=0.3'
    'HTTP_ACCEPT_ENCODING' => 'gzip, deflate'
    'HTTP_REFERER' => 'http://yii2.ru/frontend/'
    'HTTP_COOKIE' => 'advanced-frontend=cuvsc81comsmt7anefggksc32hfobdj4; _csrf-frontend=dd01092b7b657790708459e8d4fbcc27ec1eb7a5808ab7dbe265b7e3f93ec6aea%3A2%3A%7Bi%3A0%3Bs%3A14%3A%22_csrf-frontend%22%3Bi%3A1%3Bs%3A32%3A%2298zHAMCShR6lmN6e__wR6WVnId0Hi3sT%22%3B%7D'
    'HTTP_CONNECTION' => 'keep-alive'
    'HTTP_UPGRADE_INSECURE_REQUESTS' => '1'
    'PATH' => 'h:\\newos\\ospanel\\modules\\php\\PHP-7.2-x64\\ext;h:\\newos\\ospanel\\modules\\php\\PHP-7.2-x64\\pear;h:\\newos\\ospanel\\modules\\php\\PHP-7.2-x64\\pear\\bin;h:\\newos\\ospanel\\modules\\php\\PHP-7.2-x64;h:\\newos\\ospanel\\modules\\imagemagick;h:\\newos\\ospanel\\modules\\wget\\bin;h:\\newos\\ospanel\\modules\\git;h:\\newos\\ospanel\\modules\\git\\bin;h:\\newos\\ospanel\\modules\\git\\mingw\\bin;h:\\newos\\ospanel\\modules\\git\\cmd;h:\\newos\\ospanel\\modules\\database\\MySQL-5.7-x64\\bin;h:\\newos\\ospanel\\modules\\http\\Apache-PHP-7.2-x64\\bin;h:\\newos\\ospanel\\modules\\http\\Apache-PHP-7.2-x64;C:\\WINDOWS\\system32;C:\\WINDOWS;C:\\WINDOWS\\system32\\Wbem;C:\\WINDOWS\\SysWOW64'
    'SystemRoot' => 'C:\\WINDOWS'
    'COMSPEC' => 'C:\\WINDOWS\\system32\\cmd.exe'
    'PATHEXT' => '.COM;.EXE;.BAT;.CMD;.VBS;.VBE;.JS;.JSE;.WSF;.WSH;.MSC'
    'WINDIR' => 'C:\\WINDOWS'
    'SERVER_SIGNATURE' => ''
    'SERVER_SOFTWARE' => 'Apache'
    'SERVER_NAME' => 'yii2.ru'
    'SERVER_ADDR' => '127.0.0.1'
    'SERVER_PORT' => '80'
    'REMOTE_ADDR' => '127.0.0.1'
    'DOCUMENT_ROOT' => 'H:/newos/OSPanel/domains/yii2.ru'
    'REQUEST_SCHEME' => 'http'
    'CONTEXT_PREFIX' => ''
    'CONTEXT_DOCUMENT_ROOT' => 'H:/newos/OSPanel/domains/yii2.ru'
    'SERVER_ADMIN' => '[no address given]'
    'SCRIPT_FILENAME' => 'H:/newos/OSPanel/domains/yii2.ru/frontend/web/index.php'
    'REMOTE_PORT' => '16537'
    'GATEWAY_INTERFACE' => 'CGI/1.1'
    'SERVER_PROTOCOL' => 'HTTP/1.1'
    'REQUEST_METHOD' => 'GET'
    'QUERY_STRING' => ''
    'REQUEST_URI' => '/frontend/web/'
    'SCRIPT_NAME' => '/frontend/web/index.php'
    'PHP_SELF' => '/frontend/web/index.php'
    'REQUEST_TIME_FLOAT' => 1535837217.891
    'REQUEST_TIME' => 1535837217
    'argv' => []
    'argc' => 0
]
2018-09-02 00:27:36 [127.0.0.1][-][cuvsc81comsmt7anefggksc32hfobdj4][error][yii\base\ViewNotFoundException] yii\base\ViewNotFoundException: The view file does not exist: H:\newos\OSPanel\domains\yii2.ru\frontend\web\views\site\index.php in H:\newos\OSPanel\domains\yii2.ru\vendor\yiisoft\yii2\base\View.php:233
Stack trace:
#0 H:\newos\OSPanel\domains\yii2.ru\vendor\yiisoft\yii2\base\View.php(156): yii\base\View->renderFile('H:\\newos\\OSPane...', Array, Object(frontend\controllers\SiteController))
#1 H:\newos\OSPanel\domains\yii2.ru\vendor\yiisoft\yii2\base\Controller.php(384): yii\base\View->render('index', Array, Object(frontend\controllers\SiteController))
#2 H:\newos\OSPanel\domains\yii2.ru\frontend\controllers\SiteController.php(75): yii\base\Controller->render('index')
#3 [internal function]: frontend\controllers\SiteController->actionIndex()
#4 H:\newos\OSPanel\domains\yii2.ru\vendor\yiisoft\yii2\base\InlineAction.php(57): call_user_func_array(Array, Array)
#5 H:\newos\OSPanel\domains\yii2.ru\vendor\yiisoft\yii2\base\Controller.php(157): yii\base\InlineAction->runWithParams(Array)
#6 H:\newos\OSPanel\domains\yii2.ru\vendor\yiisoft\yii2\base\Module.php(528): yii\base\Controller->runAction('', Array)
#7 H:\newos\OSPanel\domains\yii2.ru\vendor\yiisoft\yii2\web\Application.php(103): yii\base\Module->runAction('', Array)
#8 H:\newos\OSPanel\domains\yii2.ru\vendor\yiisoft\yii2\base\Application.php(386): yii\web\Application->handleRequest(Object(yii\web\Request))
#9 H:\newos\OSPanel\domains\yii2.ru\frontend\web\index.php(17): yii\base\Application->run()
#10 {main}
2018-09-02 00:27:36 [127.0.0.1][-][cuvsc81comsmt7anefggksc32hfobdj4][info][application] $_GET = []

$_POST = []

$_FILES = []

$_COOKIE = [
    'advanced-frontend' => 'cuvsc81comsmt7anefggksc32hfobdj4'
    '_csrf-frontend' => 'dd01092b7b657790708459e8d4fbcc27ec1eb7a5808ab7dbe265b7e3f93ec6aea:2:{i:0;s:14:\"_csrf-frontend\";i:1;s:32:\"98zHAMCShR6lmN6e__wR6WVnId0Hi3sT\";}'
]

$_SESSION = [
    '__flash' => []
    '__captcha/site/captcha' => 'xtbizj'
    '__captcha/site/captchacount' => 1
]

$_SERVER = [
    'HTTP_HOST' => 'yii2.ru'
    'HTTP_USER_AGENT' => 'Mozilla/5.0 (Windows NT 10.0; Win64; x64; rv:61.0) Gecko/20100101 Firefox/61.0'
    'HTTP_ACCEPT' => 'text/html,application/xhtml+xml,application/xml;q=0.9,*/*;q=0.8'
    'HTTP_ACCEPT_LANGUAGE' => 'ru-RU,ru;q=0.8,en-US;q=0.5,en;q=0.3'
    'HTTP_ACCEPT_ENCODING' => 'gzip, deflate'
    'HTTP_REFERER' => 'http://yii2.ru/frontend/'
    'HTTP_COOKIE' => 'advanced-frontend=cuvsc81comsmt7anefggksc32hfobdj4; _csrf-frontend=dd01092b7b657790708459e8d4fbcc27ec1eb7a5808ab7dbe265b7e3f93ec6aea%3A2%3A%7Bi%3A0%3Bs%3A14%3A%22_csrf-frontend%22%3Bi%3A1%3Bs%3A32%3A%2298zHAMCShR6lmN6e__wR6WVnId0Hi3sT%22%3B%7D'
    'HTTP_CONNECTION' => 'keep-alive'
    'HTTP_UPGRADE_INSECURE_REQUESTS' => '1'
    'HTTP_CACHE_CONTROL' => 'max-age=0'
    'PATH' => 'h:\\newos\\ospanel\\modules\\php\\PHP-7.2-x64\\ext;h:\\newos\\ospanel\\modules\\php\\PHP-7.2-x64\\pear;h:\\newos\\ospanel\\modules\\php\\PHP-7.2-x64\\pear\\bin;h:\\newos\\ospanel\\modules\\php\\PHP-7.2-x64;h:\\newos\\ospanel\\modules\\imagemagick;h:\\newos\\ospanel\\modules\\wget\\bin;h:\\newos\\ospanel\\modules\\git;h:\\newos\\ospanel\\modules\\git\\bin;h:\\newos\\ospanel\\modules\\git\\mingw\\bin;h:\\newos\\ospanel\\modules\\git\\cmd;h:\\newos\\ospanel\\modules\\database\\MySQL-5.7-x64\\bin;h:\\newos\\ospanel\\modules\\http\\Apache-PHP-7.2-x64\\bin;h:\\newos\\ospanel\\modules\\http\\Apache-PHP-7.2-x64;C:\\WINDOWS\\system32;C:\\WINDOWS;C:\\WINDOWS\\system32\\Wbem;C:\\WINDOWS\\SysWOW64'
    'SystemRoot' => 'C:\\WINDOWS'
    'COMSPEC' => 'C:\\WINDOWS\\system32\\cmd.exe'
    'PATHEXT' => '.COM;.EXE;.BAT;.CMD;.VBS;.VBE;.JS;.JSE;.WSF;.WSH;.MSC'
    'WINDIR' => 'C:\\WINDOWS'
    'SERVER_SIGNATURE' => ''
    'SERVER_SOFTWARE' => 'Apache'
    'SERVER_NAME' => 'yii2.ru'
    'SERVER_ADDR' => '127.0.0.1'
    'SERVER_PORT' => '80'
    'REMOTE_ADDR' => '127.0.0.1'
    'DOCUMENT_ROOT' => 'H:/newos/OSPanel/domains/yii2.ru'
    'REQUEST_SCHEME' => 'http'
    'CONTEXT_PREFIX' => ''
    'CONTEXT_DOCUMENT_ROOT' => 'H:/newos/OSPanel/domains/yii2.ru'
    'SERVER_ADMIN' => '[no address given]'
    'SCRIPT_FILENAME' => 'H:/newos/OSPanel/domains/yii2.ru/frontend/web/index.php'
    'REMOTE_PORT' => '16555'
    'GATEWAY_INTERFACE' => 'CGI/1.1'
    'SERVER_PROTOCOL' => 'HTTP/1.1'
    'REQUEST_METHOD' => 'GET'
    'QUERY_STRING' => ''
    'REQUEST_URI' => '/frontend/web/'
    'SCRIPT_NAME' => '/frontend/web/index.php'
    'PHP_SELF' => '/frontend/web/index.php'
    'REQUEST_TIME_FLOAT' => 1535837256.409
    'REQUEST_TIME' => 1535837256
    'argv' => []
    'argc' => 0
]
